<?xml version="1.0" encoding="UTF-8"?>
<testsuites name="Test Suite 1" time="0" tests="0" failures="0" errors="0">
   <testsuite name="Test Suite 1" tests="0" failures="0" errors="0" time="0" timestamp="2018-11-30 15:10:05" hostname="homea - DESKTOP-M7FJHIG" id="Test Suites/Test Suite 1">
      <properties>
         <property name="deviceName" value=""/>
         <property name="devicePlatform" value=""/>
         <property name="logFolder" value="C:\\Users\\homea\\git\\KatalonGitLearn\\Reports\\Test Suite 1\\20181130_151003"/>
         <property name="logFiles" value="C:\\Users\\homea\\git\\KatalonGitLearn\\Reports\\Test Suite 1\\20181130_151003\\execution0.log"/>
         <property name="attachments" value=""/>
         <property name="hostName" value="homea - DESKTOP-M7FJHIG"/>
         <property name="hostAddress" value="192.168.43.188"/>
         <property name="os" value="Windows 10 64bit"/>
         <property name="katalonVersion" value="5.8.6.1"/>
      </properties>
      <system-out><![CDATA[2018-11-30 15:10:05 - [TEST_SUITE][PASSED] - Test Suite 1: null]]></system-out>
      <system-err><![CDATA[]]></system-err>
   </testsuite>
</testsuites>
