<?xml version="1.0" encoding="UTF-8"?>
<testsuites name="RestWebServiceSuite" time="10" tests="3" failures="0" errors="0">
   <testsuite name="RestWebServiceSuite" tests="3" failures="0" errors="0" time="10" timestamp="2019-01-04 17:48:23" hostname="homea - DESKTOP-M7FJHIG" id="Test Suites/WebService/RestWebServiceSuite">
      <properties>
         <property name="deviceName" value=""/>
         <property name="devicePlatform" value=""/>
         <property name="logFolder" value="C:\\Users\\homea\\Katalon Studio\\API_Project1\\Reports\\WebService\\RestWebServiceSuite\\20190104_174820"/>
         <property name="logFiles" value="C:\\Users\\homea\\Katalon Studio\\API_Project1\\Reports\\WebService\\RestWebServiceSuite\\20190104_174820\\execution0.log"/>
         <property name="attachments" value=""/>
         <property name="hostName" value="homea - DESKTOP-M7FJHIG"/>
         <property name="hostAddress" value="192.168.1.6"/>
         <property name="os" value="Windows 10 64bit"/>
         <property name="katalonVersion" value="5.9.1.2"/>
      </properties>
      <testcase name="Test Cases/RestWebServiceTests/GetBankDetail" classname="Test Cases/RestWebServiceTests/GetBankDetail" status="PASSED">
         <system-out><![CDATA[2019-01-04 17:48:23 - [TEST_CASE][PASSED] - Test Cases/RestWebServiceTests/GetBankDetail: Test Cases/RestWebServiceTests/GetBankDetail

2019-01-04 17:48:24 - [TEST_STEP][PASSED] - sendRequest(findTestObject("SoapWebService/getBank")): Send request successfully

2019-01-04 17:48:27 - [MESSAGE][INFO] - HAR: C:\Users\homea\Katalon Studio\API_Project1\Reports\WebService\RestWebServiceSuite\20190104_174820\requests\main\0.har

2019-01-04 17:48:27 - [MESSAGE][PASSED] - Send request successfully]]></system-out>
         <system-err><![CDATA[]]></system-err>
      </testcase>
      <testcase name="Test Cases/RestWebServiceTests/ListUsersTest1" classname="Test Cases/RestWebServiceTests/ListUsersTest1" status="PASSED">
         <system-out><![CDATA[2019-01-04 17:48:27 - [TEST_CASE][PASSED] - Test Cases/RestWebServiceTests/ListUsersTest1: Test Cases/RestWebServiceTests/ListUsersTest1

2019-01-04 17:48:27 - [TEST_STEP][PASSED] - sendRequest(findTestObject("RestWebService/ListUsers")): Send request successfully

2019-01-04 17:48:29 - [MESSAGE][INFO] - HAR: C:\Users\homea\Katalon Studio\API_Project1\Reports\WebService\RestWebServiceSuite\20190104_174820\requests\main\1.har

2019-01-04 17:48:29 - [MESSAGE][PASSED] - Send request successfully

2019-01-04 17:48:29 - [TEST_STEP][PASSED] - response = sendRequestAndVerify(findTestObject("RestWebService/ListUsers"), STOP_ON_FAILURE): Send request and verify the response successfully

2019-01-04 17:48:30 - [TEST_CASE][PASSED] - Start Test Case : Verification: Verification accomplished successfully

2019-01-04 17:48:30 - [TEST_STEP][PASSED] - request = getInstance().getCurrentRequest(): null

2019-01-04 17:48:30 - [TEST_STEP][PASSED] - response = getInstance().getCurrentResponse(): null

2019-01-04 17:48:30 - [TEST_STEP][PASSED] - verifyResponseStatusCode(response, 200): Verify response status code successfully

2019-01-04 17:48:30 - [MESSAGE][PASSED] - Verify response status code successfully

2019-01-04 17:48:30 - [TEST_STEP][PASSED] - getStatusCode()).isEqualTo(200): null

2019-01-04 17:48:30 - [TEST_STEP][PASSED] - verifyElementPropertyValue(response, "data[1].first_name", "Charles"): Verify element property value successfully

2019-01-04 17:48:30 - [MESSAGE][PASSED] - Verify element property value successfully

2019-01-04 17:48:30 - [MESSAGE][PASSED] - Verify response successfully

2019-01-04 17:48:30 - [MESSAGE][PASSED] - Send request and verify the response successfully

2019-01-04 17:48:30 - [TEST_STEP][PASSED] - verifyElementPropertyValue(response, "data[1].first_name	", "Charles"): Verify element property value successfully

2019-01-04 17:48:30 - [MESSAGE][PASSED] - Verify element property value successfully

2019-01-04 17:48:30 - [TEST_STEP][PASSED] - verifyElementPropertyValue(response, "data[2].id	", "6"): Verify element property value successfully

2019-01-04 17:48:30 - [MESSAGE][PASSED] - Verify element property value successfully

2019-01-04 17:48:30 - [TEST_STEP][PASSED] - verifyElementsCount(response, "data", 3): Verify element count successfully

2019-01-04 17:48:30 - [MESSAGE][PASSED] - Verify element count successfully

2019-01-04 17:48:30 - [TEST_STEP][PASSED] - verifyResponseStatusCode(response, 200): Verify response status code successfully

2019-01-04 17:48:30 - [MESSAGE][PASSED] - Verify response status code successfully]]></system-out>
         <system-err><![CDATA[]]></system-err>
      </testcase>
      <testcase name="Test Cases/RestWebServiceTests/TestHTTPMethods" classname="Test Cases/RestWebServiceTests/TestHTTPMethods" status="PASSED">
         <system-out><![CDATA[2019-01-04 17:48:30 - [TEST_CASE][PASSED] - Test Cases/RestWebServiceTests/TestHTTPMethods: Test Cases/RestWebServiceTests/TestHTTPMethods

2019-01-04 17:48:30 - [TEST_STEP][PASSED] - sendRequestAndVerify(findTestObject("RestWebService/ListUsers")): Send request and verify the response successfully

2019-01-04 17:48:31 - [TEST_CASE][PASSED] - Start Test Case : Verification: Verification accomplished successfully

2019-01-04 17:48:31 - [TEST_STEP][PASSED] - request = getInstance().getCurrentRequest(): null

2019-01-04 17:48:31 - [TEST_STEP][PASSED] - response = getInstance().getCurrentResponse(): null

2019-01-04 17:48:31 - [TEST_STEP][PASSED] - verifyResponseStatusCode(response, 200): Verify response status code successfully

2019-01-04 17:48:31 - [MESSAGE][PASSED] - Verify response status code successfully

2019-01-04 17:48:31 - [TEST_STEP][PASSED] - getStatusCode()).isEqualTo(200): null

2019-01-04 17:48:31 - [TEST_STEP][PASSED] - verifyElementPropertyValue(response, "data[1].first_name", "Charles"): Verify element property value successfully

2019-01-04 17:48:31 - [MESSAGE][PASSED] - Verify element property value successfully

2019-01-04 17:48:31 - [MESSAGE][PASSED] - Verify response successfully

2019-01-04 17:48:31 - [MESSAGE][PASSED] - Send request and verify the response successfully

2019-01-04 17:48:31 - [TEST_STEP][PASSED] - sendRequestAndVerify(findTestObject("RestWebService/CreateUser")): Send request and verify the response successfully

2019-01-04 17:48:32 - [TEST_CASE][PASSED] - Start Test Case : Verification: Verification accomplished successfully

2019-01-04 17:48:32 - [TEST_STEP][PASSED] - request = getInstance().getCurrentRequest(): null

2019-01-04 17:48:32 - [TEST_STEP][PASSED] - response = getInstance().getCurrentResponse(): null

2019-01-04 17:48:32 - [TEST_STEP][PASSED] - verifyResponseStatusCode(response, 201): Verify response status code successfully

2019-01-04 17:48:32 - [MESSAGE][PASSED] - Verify response status code successfully

2019-01-04 17:48:32 - [TEST_STEP][PASSED] - getStatusCode()).isEqualTo(201): null

2019-01-04 17:48:32 - [MESSAGE][PASSED] - Verify response successfully

2019-01-04 17:48:32 - [MESSAGE][PASSED] - Send request and verify the response successfully

2019-01-04 17:48:32 - [TEST_STEP][PASSED] - sendRequestAndVerify(findTestObject("RestWebService/UpdateUser")): Send request and verify the response successfully

2019-01-04 17:48:33 - [TEST_CASE][PASSED] - Start Test Case : Verification: Verification accomplished successfully

2019-01-04 17:48:33 - [TEST_STEP][PASSED] - request = getInstance().getCurrentRequest(): null

2019-01-04 17:48:33 - [TEST_STEP][PASSED] - response = getInstance().getCurrentResponse(): null

2019-01-04 17:48:33 - [TEST_STEP][PASSED] - verifyResponseStatusCode(response, 200): Verify response status code successfully

2019-01-04 17:48:33 - [MESSAGE][PASSED] - Verify response status code successfully

2019-01-04 17:48:33 - [TEST_STEP][PASSED] - getStatusCode()).isEqualTo(200): null

2019-01-04 17:48:33 - [MESSAGE][PASSED] - Verify response successfully

2019-01-04 17:48:33 - [MESSAGE][PASSED] - Send request and verify the response successfully

2019-01-04 17:48:33 - [TEST_STEP][PASSED] - sendRequestAndVerify(findTestObject("RestWebService/DeleteUser")): Send request and verify the response successfully

2019-01-04 17:48:33 - [TEST_CASE][PASSED] - Start Test Case : Verification: Verification accomplished successfully

2019-01-04 17:48:33 - [TEST_STEP][PASSED] - request = getInstance().getCurrentRequest(): null

2019-01-04 17:48:33 - [TEST_STEP][PASSED] - response = getInstance().getCurrentResponse(): null

2019-01-04 17:48:33 - [TEST_STEP][PASSED] - verifyResponseStatusCode(response, 204): Verify response status code successfully

2019-01-04 17:48:33 - [MESSAGE][PASSED] - Verify response status code successfully

2019-01-04 17:48:33 - [TEST_STEP][PASSED] - getStatusCode()).isEqualTo(204): null

2019-01-04 17:48:33 - [MESSAGE][PASSED] - Verify response successfully

2019-01-04 17:48:33 - [MESSAGE][PASSED] - Send request and verify the response successfully]]></system-out>
         <system-err><![CDATA[]]></system-err>
      </testcase>
      <system-out><![CDATA[2019-01-04 17:48:23 - [TEST_SUITE][PASSED] - RestWebServiceSuite: Test Cases/RestWebServiceTests/TestHTTPMethods]]></system-out>
      <system-err><![CDATA[]]></system-err>
   </testsuite>
</testsuites>
